mode: set
hyperfocus.systems/youtube-curator-server/collection/channel.go:132.113,134.33 2 1
hyperfocus.systems/youtube-curator-server/collection/channel.go:141.2,141.24 1 1
hyperfocus.systems/youtube-curator-server/collection/channel.go:134.33,136.13 2 1
hyperfocus.systems/youtube-curator-server/collection/channel.go:136.13,138.4 1 1
hyperfocus.systems/youtube-curator-server/collection/channel.go:146.62,152.27 4 1
hyperfocus.systems/youtube-curator-server/collection/channel.go:156.2,158.53 2 1
hyperfocus.systems/youtube-curator-server/collection/channel.go:162.2,162.16 1 1
hyperfocus.systems/youtube-curator-server/collection/channel.go:152.27,154.3 1 1
hyperfocus.systems/youtube-curator-server/collection/channel.go:158.53,160.3 1 1
hyperfocus.systems/youtube-curator-server/collection/channel.go:167.80,169.32 2 1
hyperfocus.systems/youtube-curator-server/collection/channel.go:175.2,175.14 1 1
hyperfocus.systems/youtube-curator-server/collection/channel.go:169.32,170.27 1 1
hyperfocus.systems/youtube-curator-server/collection/channel.go:170.27,172.4 1 1
hyperfocus.systems/youtube-curator-server/collection/channel.go:179.89,181.2 1 0
hyperfocus.systems/youtube-curator-server/collection/channel.go:183.114,186.16 3 1
hyperfocus.systems/youtube-curator-server/collection/channel.go:190.2,190.50 1 1
hyperfocus.systems/youtube-curator-server/collection/channel.go:186.16,188.3 1 1
hyperfocus.systems/youtube-curator-server/collection/channel.go:193.87,195.32 2 1
hyperfocus.systems/youtube-curator-server/collection/channel.go:221.2,221.21 1 1
hyperfocus.systems/youtube-curator-server/collection/channel.go:195.32,198.19 2 1
hyperfocus.systems/youtube-curator-server/collection/channel.go:198.19,201.18 3 1
hyperfocus.systems/youtube-curator-server/collection/channel.go:205.4,206.18 2 1
hyperfocus.systems/youtube-curator-server/collection/channel.go:210.4,217.34 2 1
hyperfocus.systems/youtube-curator-server/collection/channel.go:201.18,203.5 1 0
hyperfocus.systems/youtube-curator-server/collection/channel.go:206.18,208.5 1 0
hyperfocus.systems/youtube-curator-server/collection/channel.go:224.50,226.8 2 1
hyperfocus.systems/youtube-curator-server/collection/channel.go:230.2,231.8 2 1
hyperfocus.systems/youtube-curator-server/collection/channel.go:235.2,235.19 1 1
hyperfocus.systems/youtube-curator-server/collection/channel.go:226.8,228.3 1 1
hyperfocus.systems/youtube-curator-server/collection/channel.go:231.8,233.3 1 1
hyperfocus.systems/youtube-curator-server/collection/channel.go:238.43,241.2 2 1
hyperfocus.systems/youtube-curator-server/collection/channel.go:243.43,246.2 2 1
hyperfocus.systems/youtube-curator-server/collection/channel.go:248.51,252.36 3 1
hyperfocus.systems/youtube-curator-server/collection/channel.go:256.2,256.36 1 1
hyperfocus.systems/youtube-curator-server/collection/channel.go:252.36,254.3 1 1
